Add component (AddParameter): Name = "Category"; Value = ""; VariantName = "[No Variations]"
Add component (AddParameter): Name = "Manufacturer"; Value = ""; VariantName = "[No Variations]"
Add component (AddParameter): Name = "Manufacturer Part Number"; Value = ""; VariantName = "[No Variations]"
Add component (AddParameter): Name = "Part Number"; Value = ""; VariantName = "[No Variations]"
Add component (AddParameter): Name = "RoHs"; Value = ""; VariantName = "[No Variations]"
Add component (AddParameter): Name = "Subcategory"; Value = ""; VariantName = "[No Variations]"
Add component (AddParameter): Name = "Supplier"; Value = ""; VariantName = "[No Variations]"
Add component (AddParameter): Name = "Supplier Part Number"; Value = ""; VariantName = "[No Variations]"
Add component (AddParameter): Name = "Unit Cost"; Value = ""; VariantName = "[No Variations]"
Add component (AddParameter): Name = "Value"; Value = ""; VariantName = "[No Variations]"
Added Component: Designator=J1(SIP4)
Add component. Clean all parameters for all variants
Add component (AddParameter): Name = "Category"; Value = ""; VariantName = "[No Variations]"
Add component (AddParameter): Name = "Manufacturer"; Value = ""; VariantName = "[No Variations]"
Add component (AddParameter): Name = "Manufacturer Part Number"; Value = ""; VariantName = "[No Variations]"
Add component (AddParameter): Name = "Part Number"; Value = ""; VariantName = "[No Variations]"
Add component (AddParameter): Name = "RoHs"; Value = ""; VariantName = "[No Variations]"
Add component (AddParameter): Name = "Subcategory"; Value = ""; VariantName = "[No Variations]"
Add component (AddParameter): Name = "Supplier"; Value = ""; VariantName = "[No Variations]"
Add component (AddParameter): Name = "Supplier Part Number"; Value = ""; VariantName = "[No Variations]"
Add component (AddParameter): Name = "Unit Cost"; Value = ""; VariantName = "[No Variations]"
Add component (AddParameter): Name = "Value"; Value = ""; VariantName = "[No Variations]"
Added Pin To Net: NetName=VDD33 Pin=J1-1
Added Pin To Net: NetName=SWDIO Pin=J1-2
Added Pin To Net: NetName=SWCLK Pin=J1-3
Added Pin To Net: NetName=GND Pin=J1-4
Added Pin To Net: NetName=LED1 Pin=U1-42
Added Pin To Net: NetName=LED2 Pin=U1-43
Added Pin To Net: NetName=LED3 Pin=U1-44
Added Pin To Net: NetName=KEY1 Pin=U1-58
Added Pin To Net: NetName=KEY2 Pin=U1-59
Change Net Color : Old Net Color=RGB(110, 110, 255) New Net Color=Default
Added Member To Class: ClassName=Charger_MCU_V01 Member=Component J1 CON4
Added Room: Name=Charger_MCU_V01
Added Room: Name=Charger_Power_V01
