Removed Pin From Net: NetName=VDD33 Pin=C19-1
Removed Pin From Net: NetName=VDD33 Pin=C20-1
Removed Pin From Net: NetName=VDD33 Pin=C21-1
Removed Pin From Net: NetName=VDD33 Pin=C44-1
Removed Pin From Net: NetName=VDD33 Pin=C45-1
Removed Pin From Net: NetName=VDD33 Pin=C46-1
Removed Pin From Net: NetName=VDD33 Pin=U3-2
Removed Pin From Net: NetName=VDD33 Pin=U4-2
Add component (AddParameter): Name = "Category"; Value = "Capacitors"; VariantName = "[No Variations]"
Add component (AddParameter): Name = "Manufacturer"; Value = "Yageo"; VariantName = "[No Variations]"
Add component (AddParameter): Name = "Manufacturer Part Number"; Value = "CC0805ZKY5V6BB106"; VariantName = "[No Variations]"
Add component (AddParameter): Name = "Part Number"; Value = "CC0805ZKY5V6BB106"; VariantName = "[No Variations]"
Add component (AddParameter): Name = "RoHs"; Value = "Lead free / RoHS Compliant"; VariantName = "[No Variations]"
Add component (AddParameter): Name = "Subcategory"; Value = "Ceramic Capacitors"; VariantName = "[No Variations]"
Add component (AddParameter): Name = "Supplier"; Value = ""; VariantName = "[No Variations]"
Add component (AddParameter): Name = "Supplier Part Number"; Value = ""; VariantName = "[No Variations]"
Add component (AddParameter): Name = "Unit Cost"; Value = "0.08"; VariantName = "[No Variations]"
Add component (AddParameter): Name = "Value"; Value = "10uF"; VariantName = "[No Variations]"
Added Component: Designator=C51(C0805)
Add component. Clean all parameters for all variants
Add component (AddParameter): Name = "Category"; Value = "Capacitors"; VariantName = "[No Variations]"
Add component (AddParameter): Name = "Manufacturer"; Value = "Yageo"; VariantName = "[No Variations]"
Add component (AddParameter): Name = "Manufacturer Part Number"; Value = "CC0805ZKY5V6BB106"; VariantName = "[No Variations]"
Add component (AddParameter): Name = "Part Number"; Value = "CC0805ZKY5V6BB106"; VariantName = "[No Variations]"
Add component (AddParameter): Name = "RoHs"; Value = "Lead free / RoHS Compliant"; VariantName = "[No Variations]"
Add component (AddParameter): Name = "Subcategory"; Value = "Ceramic Capacitors"; VariantName = "[No Variations]"
Add component (AddParameter): Name = "Supplier"; Value = ""; VariantName = "[No Variations]"
Add component (AddParameter): Name = "Supplier Part Number"; Value = ""; VariantName = "[No Variations]"
Add component (AddParameter): Name = "Unit Cost"; Value = "0.08"; VariantName = "[No Variations]"
Add component (AddParameter): Name = "Value"; Value = "10uF"; VariantName = "[No Variations]"
Add component (AddParameter): Name = "Category"; Value = "Capacitors"; VariantName = "[No Variations]"
Add component (AddParameter): Name = "Manufacturer"; Value = "AVX Corporation"; VariantName = "[No Variations]"
Add component (AddParameter): Name = "Manufacturer Part Number"; Value = "TAJC227K010RNJ"; VariantName = "[No Variations]"
Add component (AddParameter): Name = "Part Number"; Value = "TAJC227K010RNJ"; VariantName = "[No Variations]"
Add component (AddParameter): Name = "RoHs"; Value = "Lead free / RoHS Compliant"; VariantName = "[No Variations]"
Add component (AddParameter): Name = "Subcategory"; Value = "Tantalum Capacitors"; VariantName = "[No Variations]"
Add component (AddParameter): Name = "Supplier"; Value = ""; VariantName = "[No Variations]"
Add component (AddParameter): Name = "Supplier Part Number"; Value = ""; VariantName = "[No Variations]"
Add component (AddParameter): Name = "Unit Cost"; Value = "0.3"; VariantName = "[No Variations]"
Add component (AddParameter): Name = "Value"; Value = "220uF/10V"; VariantName = "[No Variations]"
Added Component: Designator=C52(C6032)
Add component. Clean all parameters for all variants
Add component (AddParameter): Name = "Category"; Value = "Capacitors"; VariantName = "[No Variations]"
Add component (AddParameter): Name = "Manufacturer"; Value = "AVX Corporation"; VariantName = "[No Variations]"
Add component (AddParameter): Name = "Manufacturer Part Number"; Value = "TAJC227K010RNJ"; VariantName = "[No Variations]"
Add component (AddParameter): Name = "Part Number"; Value = "TAJC227K010RNJ"; VariantName = "[No Variations]"
Add component (AddParameter): Name = "RoHs"; Value = "Lead free / RoHS Compliant"; VariantName = "[No Variations]"
Add component (AddParameter): Name = "Subcategory"; Value = "Tantalum Capacitors"; VariantName = "[No Variations]"
Add component (AddParameter): Name = "Supplier"; Value = ""; VariantName = "[No Variations]"
Add component (AddParameter): Name = "Supplier Part Number"; Value = ""; VariantName = "[No Variations]"
Add component (AddParameter): Name = "Unit Cost"; Value = "0.3"; VariantName = "[No Variations]"
Add component (AddParameter): Name = "Value"; Value = "220uF/10V"; VariantName = "[No Variations]"
Add component (AddParameter): Name = "Category"; Value = "Capacitors"; VariantName = "[No Variations]"
Add component (AddParameter): Name = "Manufacturer"; Value = "Yageo"; VariantName = "[No Variations]"
Add component (AddParameter): Name = "Manufacturer Part Number"; Value = "CC0603ZRY5V9BB104"; VariantName = "[No Variations]"
Add component (AddParameter): Name = "Part Number"; Value = "CC0603ZRY5V9BB104"; VariantName = "[No Variations]"
Add component (AddParameter): Name = "RoHs"; Value = ""; VariantName = "[No Variations]"
Add component (AddParameter): Name = "Subcategory"; Value = "Ceramic Capacitors"; VariantName = "[No Variations]"
Add component (AddParameter): Name = "Supplier"; Value = ""; VariantName = "[No Variations]"
Add component (AddParameter): Name = "Supplier Part Number"; Value = ""; VariantName = "[No Variations]"
Add component (AddParameter): Name = "Unit Cost"; Value = "0.04"; VariantName = "[No Variations]"
Add component (AddParameter): Name = "Value"; Value = "100nF"; VariantName = "[No Variations]"
Added Component: Designator=C53(C0603)
Add component. Clean all parameters for all variants
Add component (AddParameter): Name = "Category"; Value = "Capacitors"; VariantName = "[No Variations]"
Add component (AddParameter): Name = "Manufacturer"; Value = "Yageo"; VariantName = "[No Variations]"
Add component (AddParameter): Name = "Manufacturer Part Number"; Value = "CC0603ZRY5V9BB104"; VariantName = "[No Variations]"
Add component (AddParameter): Name = "Part Number"; Value = "CC0603ZRY5V9BB104"; VariantName = "[No Variations]"
Add component (AddParameter): Name = "RoHs"; Value = ""; VariantName = "[No Variations]"
Add component (AddParameter): Name = "Subcategory"; Value = "Ceramic Capacitors"; VariantName = "[No Variations]"
Add component (AddParameter): Name = "Supplier"; Value = ""; VariantName = "[No Variations]"
Add component (AddParameter): Name = "Supplier Part Number"; Value = ""; VariantName = "[No Variations]"
Add component (AddParameter): Name = "Unit Cost"; Value = "0.04"; VariantName = "[No Variations]"
Add component (AddParameter): Name = "Value"; Value = "100nF"; VariantName = "[No Variations]"
Add component (AddParameter): Name = "Category"; Value = "Integrated Circuits (ICs)"; VariantName = "[No Variations]"
Add component (AddParameter): Name = "Manufacturer"; Value = "Texas Instruments"; VariantName = "[No Variations]"
Add component (AddParameter): Name = "Manufacturer Part Number"; Value = "REG1117-3.3/2K5"; VariantName = "[No Variations]"
Add component (AddParameter): Name = "Part Number"; Value = "REG1117-3.3/2K5"; VariantName = "[No Variations]"
Add component (AddParameter): Name = "RoHs"; Value = "Lead free / RoHS Compliant"; VariantName = "[No Variations]"
Add component (AddParameter): Name = "Subcategory"; Value = "PMIC - Voltage Regulators - Linear (LDO)"; VariantName = "[No Variations]"
Add component (AddParameter): Name = "Supplier"; Value = ""; VariantName = "[No Variations]"
Add component (AddParameter): Name = "Supplier Part Number"; Value = ""; VariantName = "[No Variations]"
Add component (AddParameter): Name = "Unit Cost"; Value = ""; VariantName = "[No Variations]"
Add component (AddParameter): Name = "Value"; Value = "REG1117-3.3"; VariantName = "[No Variations]"
Added Component: Designator=U5(SOT223)
Add component. Clean all parameters for all variants
Add component (AddParameter): Name = "Category"; Value = "Integrated Circuits (ICs)"; VariantName = "[No Variations]"
Add component (AddParameter): Name = "Manufacturer"; Value = "Texas Instruments"; VariantName = "[No Variations]"
Add component (AddParameter): Name = "Manufacturer Part Number"; Value = "REG1117-3.3/2K5"; VariantName = "[No Variations]"
Add component (AddParameter): Name = "Part Number"; Value = "REG1117-3.3/2K5"; VariantName = "[No Variations]"
Add component (AddParameter): Name = "RoHs"; Value = "Lead free / RoHS Compliant"; VariantName = "[No Variations]"
Add component (AddParameter): Name = "Subcategory"; Value = "PMIC - Voltage Regulators - Linear (LDO)"; VariantName = "[No Variations]"
Add component (AddParameter): Name = "Supplier"; Value = ""; VariantName = "[No Variations]"
Add component (AddParameter): Name = "Supplier Part Number"; Value = ""; VariantName = "[No Variations]"
Add component (AddParameter): Name = "Unit Cost"; Value = ""; VariantName = "[No Variations]"
Add component (AddParameter): Name = "Value"; Value = "REG1117-3.3"; VariantName = "[No Variations]"
Added Pin To Net: NetName=GND Pin=C51-2
Added Pin To Net: NetName=5V_IN Pin=C52-1
Added Pin To Net: NetName=GND Pin=C52-2
Added Pin To Net: NetName=GND Pin=C53-1
Added Pin To Net: NetName=5V_IN Pin=C53-2
Added Pin To Net: NetName=GND Pin=U5-1
Added Pin To Net: NetName=5V_IN Pin=U5-3
Added Pin To Net: NetName=VCC33 Pin=C19-1
Added Pin To Net: NetName=VCC33 Pin=C20-1
Added Pin To Net: NetName=VCC33 Pin=C21-1
Added Pin To Net: NetName=VCC33 Pin=C44-1
Added Pin To Net: NetName=VCC33 Pin=C45-1
Added Pin To Net: NetName=VCC33 Pin=C46-1
Added Pin To Net: NetName=VCC33 Pin=C51-1
Added Pin To Net: NetName=VCC33 Pin=U3-2
Added Pin To Net: NetName=VCC33 Pin=U4-2
Added Pin To Net: NetName=VCC33 Pin=U5-2
Added Pin To Net: NetName=VCC33 Pin=U5-4
Added Net: Name=VCC33
Added Member To Class: ClassName=Charger_BIC_V01 Member=Component C51 CC0805ZKY5V6BB106
Added Member To Class: ClassName=Charger_BIC_V01 Member=Component C52 TAJC227K010RNJ
Added Member To Class: ClassName=Charger_BIC_V01 Member=Component C53 CC0603ZRY5V9BB104
Added Member To Class: ClassName=Charger_BIC_V01 Member=Component U5 REG1117-3.3/2K5
Added Room: Name=Charger_BIC_V01
Added Room: Name=Charger_MCU_V01
Added Room: Name=Charger_Power_V01
